<?xml version="1.0" encoding="UTF-8"?>
<testng-results skipped="0" failed="0" total="1" passed="1">
  <reporter-output>
  </reporter-output>
  <suite name="Default suite" duration-ms="23" started-at="2019-08-28T05:24:17Z" finished-at="2019-08-28T05:24:17Z">
    <groups>
    </groups>
    <test name="Default test" duration-ms="23" started-at="2019-08-28T05:24:17Z" finished-at="2019-08-28T05:24:17Z">
      <class name="com.javacodegeeks.testng.maven.TestNgMavenExample">
        <test-method status="PASS" signature="exampleOfTestNgMaven()[pri:0, instance:com.javacodegeeks.testng.maven.TestNgMavenExample@234bef66]" name="exampleOfTestNgMaven" duration-ms="11" started-at="2019-08-28T10:54:17Z" finished-at="2019-08-28T10:54:17Z">
          <reporter-output>
          </reporter-output>
        </test-method> <!-- exampleOfTestNgMaven -->
      </class> <!-- com.javacodegeeks.testng.maven.TestNgMavenExample -->
    </test> <!-- Default test -->
  </suite> <!-- Default suite -->
</testng-results>
